<?xml version="1.0" encoding="UTF-8"?>
<!-- Generated by org.testng.reporters.JUnitXMLReporter -->
<testsuite hostname="Lenovo" ignored="0" name="Test" tests="1" failures="1" timestamp="29 Apr 2020 16:21:37 GMT" time="0.115" errors="0">
  <testcase name="loginApp" time="0.0" classname="testCases.TC_1">
    <failure type="org.testng.TestNGException" message="
Data Provider public java.lang.Object[][] reusables.CustomsListener.getData() returned a null value">
      <![CDATA[org.testng.TestNGException: 
Data Provider public java.lang.Object[][] reusables.CustomsListener.getData() returned a null value
at java.util.concurrent.ThreadPoolExecutor.runWorker(ThreadPoolExecutor.java:1149)
at java.util.concurrent.ThreadPoolExecutor$Worker.run(ThreadPoolExecutor.java:624)
at java.lang.Thread.run(Thread.java:748)
... Removed 7 stack frames]]>
    </failure>
  </testcase> <!-- loginApp -->
</testsuite> <!-- Test -->
