<?xml version="1.0" encoding="UTF-8"?>
<testng-results skipped="0" failed="0" total="1" passed="1">
  <reporter-output>
  </reporter-output>
  <suite name="Suite" duration-ms="6762" started-at="2020-10-03T10:18:04Z" finished-at="2020-10-03T10:18:11Z">
    <groups>
    </groups>
    <test name="Test" duration-ms="6762" started-at="2020-10-03T10:18:04Z" finished-at="2020-10-03T10:18:11Z">
      <class name="restTests.TC_API_001">
        <test-method status="PASS" signature="startAPI()[pri:0, instance:restTests.TC_API_001@724af044]" name="startAPI" is-config="true" duration-ms="621" started-at="2020-10-03T15:48:04Z" finished-at="2020-10-03T15:48:05Z">
          <reporter-output>
          </reporter-output>
        </test-method> <!-- startAPI -->
        <test-method status="PASS" signature="deleteRequest()[pri:0, instance:restTests.TC_API_001@724af044]" name="deleteRequest" duration-ms="6111" started-at="2020-10-03T15:48:05Z" finished-at="2020-10-03T15:48:11Z">
          <reporter-output>
          </reporter-output>
        </test-method> <!-- deleteRequest -->
        <test-method status="PASS" signature="endAPI()[pri:0, instance:restTests.TC_API_001@724af044]" name="endAPI" is-config="true" duration-ms="1" started-at="2020-10-03T15:48:11Z" finished-at="2020-10-03T15:48:11Z">
          <reporter-output>
          </reporter-output>
        </test-method> <!-- endAPI -->
      </class> <!-- restTests.TC_API_001 -->
    </test> <!-- Test -->
  </suite> <!-- Suite -->
</testng-results>
