<?xml version="1.0" encoding="UTF-8"?>
<testng-results skipped="0" failed="0" ignored="0" total="1" passed="1">
  <reporter-output>
  </reporter-output>
  <suite name="Suite" duration-ms="15805" started-at="2020-05-01T20:24:45Z" finished-at="2020-05-01T20:25:00Z">
    <groups>
    </groups>
    <test name="Test" duration-ms="15805" started-at="2020-05-01T20:24:45Z" finished-at="2020-05-01T20:25:00Z">
      <class name="selenium.LearningAutomation">
        <test-method status="PASS" signature="searchValueInGoogle()[pri:0, instance:selenium.LearningAutomation@371a67ec]" name="searchValueInGoogle" duration-ms="15699" started-at="2020-05-01T20:24:45Z" finished-at="2020-05-01T20:25:00Z">
          <reporter-output>
          </reporter-output>
        </test-method> <!-- searchValueInGoogle -->
      </class> <!-- selenium.LearningAutomation -->
    </test> <!-- Test -->
  </suite> <!-- Suite -->
</testng-results>
